<?xml version="1.0" encoding="UTF-8"?>
<testsuite name="org.example.SILab2Test" tests="6" skipped="0" failures="0" errors="0" timestamp="2023-05-31T19:34:49" hostname="KUJTIM" time="0.038">
  <properties/>
  <testcase name="everyBranchTest1()" classname="org.example.SILab2Test" time="0.027"/>
  <testcase name="everyBranchTest2()" classname="org.example.SILab2Test" time="0.001"/>
  <testcase name="everyBranchTest3()" classname="org.example.SILab2Test" time="0.001"/>
  <testcase name="everyBranchTest4()" classname="org.example.SILab2Test" time="0.001"/>
  <testcase name="everyBranchTest5()" classname="org.example.SILab2Test" time="0.001"/>
  <testcase name="multipleConditionsTest()" classname="org.example.SILab2Test" time="0.002"/>
  <system-out><![CDATA[]]></system-out>
  <system-err><![CDATA[]]></system-err>
</testsuite>
